<?xml version="1.0" encoding="UTF-8"?>
<testng-results skipped="0" failed="0" ignored="0" total="1" passed="1">
  <reporter-output>
    <line>
      <![CDATA[testCreateCustome]]>
    </line>
  </reporter-output>
  <suite name="Default suite" duration-ms="94429" started-at="2020-02-16T11:41:29Z" finished-at="2020-02-16T11:43:03Z">
    <groups>
    </groups>
    <test name="Default test" duration-ms="94429" started-at="2020-02-16T11:41:29Z" finished-at="2020-02-16T11:43:03Z">
      <class name="com.actitime.test.CustomerModule">
        <test-method status="PASS" signature="openBrowser()[pri:0, instance:com.actitime.test.CustomerModule@7d9d1a19]" name="openBrowser" is-config="true" duration-ms="23825" started-at="2020-02-16T11:41:29Z" finished-at="2020-02-16T11:41:53Z">
          <reporter-output>
          </reporter-output>
        </test-method> <!-- openBrowser -->
        <test-method status="PASS" signature="loginApp()[pri:0, instance:com.actitime.test.CustomerModule@7d9d1a19]" name="loginApp" is-config="true" duration-ms="27809" started-at="2020-02-16T11:41:53Z" finished-at="2020-02-16T11:42:21Z">
          <reporter-output>
          </reporter-output>
        </test-method> <!-- loginApp -->
        <test-method status="PASS" signature="testCreateCustome()[pri:0, instance:com.actitime.test.CustomerModule@7d9d1a19]" name="testCreateCustome" duration-ms="34466" started-at="2020-02-16T11:42:21Z" finished-at="2020-02-16T11:42:55Z">
          <reporter-output>
            <line>
              <![CDATA[testCreateCustome]]>
            </line>
          </reporter-output>
        </test-method> <!-- testCreateCustome -->
        <test-method status="PASS" signature="logoutApp()[pri:0, instance:com.actitime.test.CustomerModule@7d9d1a19]" name="logoutApp" is-config="true" duration-ms="5898" started-at="2020-02-16T11:42:55Z" finished-at="2020-02-16T11:43:01Z">
          <reporter-output>
          </reporter-output>
        </test-method> <!-- logoutApp -->
        <test-method status="PASS" signature="closeBrowser()[pri:0, instance:com.actitime.test.CustomerModule@7d9d1a19]" name="closeBrowser" is-config="true" duration-ms="2410" started-at="2020-02-16T11:43:01Z" finished-at="2020-02-16T11:43:03Z">
          <reporter-output>
          </reporter-output>
        </test-method> <!-- closeBrowser -->
      </class> <!-- com.actitime.test.CustomerModule -->
    </test> <!-- Default test -->
  </suite> <!-- Default suite -->
</testng-results>
